Using pre-set license
Built from '2020.3/staging' branch; Version is '2020.3.3f1 (76626098c1c4) revision 7758432'; Using compiler version '192528614'; Build Type 'Release'
OS: 'Windows 10 Pro; OS build 18363.1500; Version 1909; 64bit' Language: 'ko' Physical Memory: 16315 MB
BatchMode: 1, IsHumanControllingUs: 0, StartBugReporterOnCrash: 0, Is64bit: 1, IsPro: 0

 COMMAND LINE ARGUMENTS:
C:\Program Files\Unity\Hub\Editor\2020.3.3f1\Editor\Unity.exe
-adb2
-batchMode
-noUpm
-name
AssetImportWorker0
-projectPath
C:/Users/DMC CONET/Desktop/BreakingError_GameProject-main/Breaking Error
-logFile
Logs/AssetImportWorker0.log
-srvPort
49324
Successfully changed project path to: C:/Users/DMC CONET/Desktop/BreakingError_GameProject-main/Breaking Error
C:/Users/DMC CONET/Desktop/BreakingError_GameProject-main/Breaking Error
Using Asset Import Pipeline V2.
Refreshing native plugins compatible for Editor in 23.07 ms, found 0 plugins.
Preloading 0 native plugins for Editor in 0.00 ms.
Initialize engine version: 2020.3.3f1 (76626098c1c4)
[Subsystems] Discovering subsystems at path C:/Program Files/Unity/Hub/Editor/2020.3.3f1/Editor/Data/Resources/UnitySubsystems
[Subsystems] Discovering subsystems at path C:/Users/DMC CONET/Desktop/BreakingError_GameProject-main/Breaking Error/Assets
GfxDevice: creating device client; threaded=0
Direct3D:
    Version:  Direct3D 11.0 [level 11.1]
    Renderer: NVIDIA GeForce GTX 1660 SUPER (ID=0x21c4)
    Vendor:   
    VRAM:     5991 MB
    Driver:   27.21.14.5751
Initialize mono
Mono path[0] = 'C:/Program Files/Unity/Hub/Editor/2020.3.3f1/Editor/Data/Managed'
Mono path[1] = 'C:/Program Files/Unity/Hub/Editor/2020.3.3f1/Editor/Data/MonoBleedingEdge/lib/mono/unityjit'
Mono config path = 'C:/Program Files/Unity/Hub/Editor/2020.3.3f1/Editor/Data/MonoBleedingEdge/etc'
Using monoOptions --debugger-agent=transport=dt_socket,embedding=1,server=y,suspend=n,address=127.0.0.1:56712
Begin MonoManager ReloadAssembly
Registering precompiled unity dll's ...
Register platform support module: C:/Program Files/Unity/Hub/Editor/2020.3.3f1/Editor/Data/PlaybackEngines/WindowsStandaloneSupport/UnityEditor.WindowsStandalone.Extensions.dll
Registered in 0.001309 seconds.
Native extension for WindowsStandalone target not found
Refreshing native plugins compatible for Editor in 23.88 ms, found 0 plugins.
Preloading 0 native plugins for Editor in 0.00 ms.
Invoked RoslynAnalysisRunner static constructor.
RoslynAnalysisRunner will not be running.
RoslynAnalysisRunner has terminated.
Mono: successfully reloaded assembly
- Completed reload, in  1.416 seconds
Platform modules already initialized, skipping
Registering precompiled user dll's ...
Registered in 0.000513 seconds.
Begin MonoManager ReloadAssembly
Native extension for WindowsStandalone target not found
Refreshing native plugins compatible for Editor in 0.22 ms, found 0 plugins.
Preloading 0 native plugins for Editor in 0.00 ms.
Invoked RoslynAnalysisRunner static constructor.
RoslynAnalysisRunner will not be running.
RoslynAnalysisRunner has terminated.
Mono: successfully reloaded assembly
- Completed reload, in  0.739 seconds
Platform modules already initialized, skipping
========================================================================
Worker process is ready to serve import requests
Launched and connected shader compiler UnityShaderCompiler.exe after 0.03 seconds
Refreshing native plugins compatible for Editor in 0.22 ms, found 0 plugins.
Preloading 0 native plugins for Editor in 0.00 ms.
Unloading 1215 Unused Serialized files (Serialized files now loaded: 0)
System memory in use before: 64.2 MB.
System memory in use after: 64.2 MB.

Unloading 9 unused Assets to reduce memory usage. Loaded Objects now: 1658.
Total: 1.595900 ms (FindLiveObjects: 0.136900 ms CreateObjectMapping: 0.036900 ms MarkObjects: 1.370800 ms  DeleteObjects: 0.050600 ms)

========================================================================
Received Import Request.
  path: Assets/QuarterView 3D Action BE5/App Icon.png
  artifactKey: Guid(8daddb70a45a9d745bd298fad8593ea3) Importer(815301076,1909f56bfc062723c751e8b465ee728b)
Start importing Assets/QuarterView 3D Action BE5/App Icon.png using Guid(8daddb70a45a9d745bd298fad8593ea3) Importer(815301076,1909f56bfc062723c751e8b465ee728b)  -> (artifact id: '6934478ce2206ed693e821e16e0437eb') in 0.133498 seconds
  Import took 0.135334 seconds .

========================================================================
Received Import Request.
  Time since last request: 0.000211 seconds.
  path: Assets/QuarterView 3D Action BE5/Readme.asset
  artifactKey: Guid(40de9ed37630dc5418b57960bb7be849) Importer(815301076,1909f56bfc062723c751e8b465ee728b)
Start importing Assets/QuarterView 3D Action BE5/Readme.asset using Guid(40de9ed37630dc5418b57960bb7be849) Importer(815301076,1909f56bfc062723c751e8b465ee728b)  -> (artifact id: '9b51628796560f63b1d54db774251022') in 0.007590 seconds
  Import took 0.009272 seconds .

========================================================================
Received Import Request.
  Time since last request: 20.908066 seconds.
  path: Assets/01. Scenes/Start.unity
  artifactKey: Guid(f5e4c326fa59f1b4789ab1a75f37772f) Importer(815301076,1909f56bfc062723c751e8b465ee728b)
Start importing Assets/01. Scenes/Start.unity using Guid(f5e4c326fa59f1b4789ab1a75f37772f) Importer(815301076,1909f56bfc062723c751e8b465ee728b)  -> (artifact id: 'f7440d26a66da5a20f2ce13c90364147') in 0.005680 seconds
  Import took 0.007509 seconds .

========================================================================
Received Import Request.
  Time since last request: 0.005326 seconds.
  path: Assets/01. Scenes/Start.unity
  artifactKey: Guid(f5e4c326fa59f1b4789ab1a75f37772f) Importer(815301076,1909f56bfc062723c751e8b465ee728b)
Start importing Assets/01. Scenes/Start.unity using Guid(f5e4c326fa59f1b4789ab1a75f37772f) Importer(815301076,1909f56bfc062723c751e8b465ee728b)  -> (artifact id: 'f7440d26a66da5a20f2ce13c90364147') in 0.002073 seconds
  Import took 0.003987 seconds .

========================================================================
Received Prepare
Registering precompiled user dll's ...
Registered in 0.000635 seconds.
Begin MonoManager ReloadAssembly
Native extension for WindowsStandalone target not found
Refreshing native plugins compatible for Editor in 0.23 ms, found 0 plugins.
Preloading 0 native plugins for Editor in 0.00 ms.
Invoked RoslynAnalysisRunner static constructor.
RoslynAnalysisRunner will not be running.
RoslynAnalysisRunner has terminated.
Mono: successfully reloaded assembly
- Completed reload, in  0.706 seconds
Platform modules already initialized, skipping
Refreshing native plugins compatible for Editor in 0.25 ms, found 0 plugins.
Preloading 0 native plugins for Editor in 0.00 ms.
Unloading 1196 Unused Serialized files (Serialized files now loaded: 0)
System memory in use before: 65.8 MB.
System memory in use after: 65.9 MB.

Unloading 4 unused Assets to reduce memory usage. Loaded Objects now: 1667.
Total: 1.954500 ms (FindLiveObjects: 0.274000 ms CreateObjectMapping: 0.069000 ms MarkObjects: 1.592600 ms  DeleteObjects: 0.017500 ms)

========================================================================
Received Import Request.
  Time since last request: 73.479915 seconds.
  path: Assets/01. Scenes/Error.unity
  artifactKey: Guid(2697f17e7f28cea42a8fe33970531e12) Importer(815301076,1909f56bfc062723c751e8b465ee728b)
Start importing Assets/01. Scenes/Error.unity using Guid(2697f17e7f28cea42a8fe33970531e12) Importer(815301076,1909f56bfc062723c751e8b465ee728b)  -> (artifact id: 'bb94e07c7b4fbccef4b049c9cade1210') in 0.011884 seconds
  Import took 0.013773 seconds .

========================================================================
Received Prepare
Registering precompiled user dll's ...
Registered in 0.045753 seconds.
Begin MonoManager ReloadAssembly
Native extension for WindowsStandalone target not found
Refreshing native plugins compatible for Editor in 0.22 ms, found 0 plugins.
Preloading 0 native plugins for Editor in 0.00 ms.
Invoked RoslynAnalysisRunner static constructor.
RoslynAnalysisRunner will not be running.
RoslynAnalysisRunner has terminated.
Mono: successfully reloaded assembly
- Completed reload, in  1.931 seconds
Platform modules already initialized, skipping
Refreshing native plugins compatible for Editor in 0.23 ms, found 0 plugins.
Preloading 0 native plugins for Editor in 0.00 ms.
Unloading 1196 Unused Serialized files (Serialized files now loaded: 0)
System memory in use before: 65.8 MB.
System memory in use after: 65.9 MB.

Unloading 4 unused Assets to reduce memory usage. Loaded Objects now: 1670.
Total: 1.435700 ms (FindLiveObjects: 0.131500 ms CreateObjectMapping: 0.037400 ms MarkObjects: 1.254900 ms  DeleteObjects: 0.011000 ms)

========================================================================
Received Import Request.
  Time since last request: 81.122221 seconds.
  path: Assets/01. Scenes/Next.unity
  artifactKey: Guid(7b0577d05bee0fb4cadb6de190cbcad4) Importer(815301076,1909f56bfc062723c751e8b465ee728b)
Start importing Assets/01. Scenes/Next.unity using Guid(7b0577d05bee0fb4cadb6de190cbcad4) Importer(815301076,1909f56bfc062723c751e8b465ee728b)  -> (artifact id: '2f1d6a57d111638da294359fa12d9a7e') in 0.013354 seconds
  Import took 0.015279 seconds .

========================================================================
Received Prepare
Registering precompiled user dll's ...
Registered in 0.000499 seconds.
Begin MonoManager ReloadAssembly
Native extension for WindowsStandalone target not found
Refreshing native plugins compatible for Editor in 0.24 ms, found 0 plugins.
Preloading 0 native plugins for Editor in 0.00 ms.
Invoked RoslynAnalysisRunner static constructor.
RoslynAnalysisRunner will not be running.
RoslynAnalysisRunner has terminated.
Mono: successfully reloaded assembly
- Completed reload, in  0.644 seconds
Platform modules already initialized, skipping
Refreshing native plugins compatible for Editor in 0.22 ms, found 0 plugins.
Preloading 0 native plugins for Editor in 0.00 ms.
Unloading 1196 Unused Serialized files (Serialized files now loaded: 0)
System memory in use before: 65.9 MB.
System memory in use after: 66.0 MB.

Unloading 4 unused Assets to reduce memory usage. Loaded Objects now: 1673.
Total: 1.320200 ms (FindLiveObjects: 0.126300 ms CreateObjectMapping: 0.037000 ms MarkObjects: 1.146500 ms  DeleteObjects: 0.009800 ms)

========================================================================
Received Prepare
Registering precompiled user dll's ...
Registered in 0.000473 seconds.
Begin MonoManager ReloadAssembly
Native extension for WindowsStandalone target not found
Refreshing native plugins compatible for Editor in 0.22 ms, found 0 plugins.
Preloading 0 native plugins for Editor in 0.00 ms.
Invoked RoslynAnalysisRunner static constructor.
RoslynAnalysisRunner will not be running.
RoslynAnalysisRunner has terminated.
Mono: successfully reloaded assembly
- Completed reload, in  0.644 seconds
Platform modules already initialized, skipping
Refreshing native plugins compatible for Editor in 0.22 ms, found 0 plugins.
Preloading 0 native plugins for Editor in 0.00 ms.
Unloading 1196 Unused Serialized files (Serialized files now loaded: 0)
System memory in use before: 65.9 MB.
System memory in use after: 66.0 MB.

Unloading 4 unused Assets to reduce memory usage. Loaded Objects now: 1676.
Total: 1.479100 ms (FindLiveObjects: 0.151100 ms CreateObjectMapping: 0.044100 ms MarkObjects: 1.274400 ms  DeleteObjects: 0.008800 ms)

========================================================================
Received Prepare
Registering precompiled user dll's ...
Registered in 0.000546 seconds.
Begin MonoManager ReloadAssembly
Native extension for WindowsStandalone target not found
Refreshing native plugins compatible for Editor in 0.22 ms, found 0 plugins.
Preloading 0 native plugins for Editor in 0.00 ms.
Invoked RoslynAnalysisRunner static constructor.
RoslynAnalysisRunner will not be running.
RoslynAnalysisRunner has terminated.
Mono: successfully reloaded assembly
- Completed reload, in  0.652 seconds
Platform modules already initialized, skipping
Refreshing native plugins compatible for Editor in 0.21 ms, found 0 plugins.
Preloading 0 native plugins for Editor in 0.00 ms.
Unloading 1196 Unused Serialized files (Serialized files now loaded: 0)
System memory in use before: 65.9 MB.
System memory in use after: 66.0 MB.

Unloading 4 unused Assets to reduce memory usage. Loaded Objects now: 1679.
Total: 1.383600 ms (FindLiveObjects: 0.124300 ms CreateObjectMapping: 0.040300 ms MarkObjects: 1.207700 ms  DeleteObjects: 0.010500 ms)

========================================================================
Received Prepare
Registering precompiled user dll's ...
Registered in 0.000461 seconds.
Begin MonoManager ReloadAssembly
Native extension for WindowsStandalone target not found
Refreshing native plugins compatible for Editor in 0.22 ms, found 0 plugins.
Preloading 0 native plugins for Editor in 0.00 ms.
Invoked RoslynAnalysisRunner static constructor.
RoslynAnalysisRunner will not be running.
RoslynAnalysisRunner has terminated.
Mono: successfully reloaded assembly
- Completed reload, in  0.641 seconds
Platform modules already initialized, skipping
Refreshing native plugins compatible for Editor in 0.25 ms, found 0 plugins.
Preloading 0 native plugins for Editor in 0.00 ms.
Unloading 1196 Unused Serialized files (Serialized files now loaded: 0)
System memory in use before: 65.9 MB.
System memory in use after: 66.0 MB.

Unloading 4 unused Assets to reduce memory usage. Loaded Objects now: 1682.
Total: 1.420400 ms (FindLiveObjects: 0.155200 ms CreateObjectMapping: 0.034400 ms MarkObjects: 1.205100 ms  DeleteObjects: 0.025100 ms)

========================================================================
Received Prepare
Registering precompiled user dll's ...
Registered in 0.000463 seconds.
Begin MonoManager ReloadAssembly
Native extension for WindowsStandalone target not found
Refreshing native plugins compatible for Editor in 0.22 ms, found 0 plugins.
Preloading 0 native plugins for Editor in 0.00 ms.
Invoked RoslynAnalysisRunner static constructor.
RoslynAnalysisRunner will not be running.
RoslynAnalysisRunner has terminated.
Mono: successfully reloaded assembly
- Completed reload, in  0.639 seconds
Platform modules already initialized, skipping
Refreshing native plugins compatible for Editor in 0.22 ms, found 0 plugins.
Preloading 0 native plugins for Editor in 0.00 ms.
Unloading 1196 Unused Serialized files (Serialized files now loaded: 0)
System memory in use before: 65.9 MB.
System memory in use after: 66.0 MB.

Unloading 4 unused Assets to reduce memory usage. Loaded Objects now: 1685.
Total: 1.368500 ms (FindLiveObjects: 0.128000 ms CreateObjectMapping: 0.036500 ms MarkObjects: 1.194300 ms  DeleteObjects: 0.008900 ms)

========================================================================
Received Prepare
Registering precompiled user dll's ...
Registered in 0.000466 seconds.
Begin MonoManager ReloadAssembly
Native extension for WindowsStandalone target not found
Refreshing native plugins compatible for Editor in 0.22 ms, found 0 plugins.
Preloading 0 native plugins for Editor in 0.00 ms.
Invoked RoslynAnalysisRunner static constructor.
RoslynAnalysisRunner will not be running.
RoslynAnalysisRunner has terminated.
Mono: successfully reloaded assembly
- Completed reload, in  0.655 seconds
Platform modules already initialized, skipping
Refreshing native plugins compatible for Editor in 0.35 ms, found 0 plugins.
Preloading 0 native plugins for Editor in 0.00 ms.
Unloading 1196 Unused Serialized files (Serialized files now loaded: 0)
System memory in use before: 65.9 MB.
System memory in use after: 66.0 MB.

Unloading 4 unused Assets to reduce memory usage. Loaded Objects now: 1688.
Total: 3.264700 ms (FindLiveObjects: 0.281700 ms CreateObjectMapping: 0.074400 ms MarkObjects: 2.876400 ms  DeleteObjects: 0.030700 ms)

========================================================================
Received Prepare
Refreshing native plugins compatible for Editor in 0.70 ms, found 0 plugins.
Preloading 0 native plugins for Editor in 0.00 ms.
Unloading 2 Unused Serialized files (Serialized files now loaded: 0)
System memory in use before: 42.2 MB.
System memory in use after: 42.3 MB.

Unloading 2 unused Assets to reduce memory usage. Loaded Objects now: 1688.
Total: 1.861200 ms (FindLiveObjects: 0.217900 ms CreateObjectMapping: 0.067000 ms MarkObjects: 1.566400 ms  DeleteObjects: 0.009300 ms)

========================================================================
Received Import Request.
  Time since last request: 251.085824 seconds.
  path: Assets/01. Scenes/Error.unity
  artifactKey: Guid(2697f17e7f28cea42a8fe33970531e12) Importer(815301076,1909f56bfc062723c751e8b465ee728b)
Start importing Assets/01. Scenes/Error.unity using Guid(2697f17e7f28cea42a8fe33970531e12) Importer(815301076,1909f56bfc062723c751e8b465ee728b)  -> (artifact id: 'f64a68fd8feabe7fef2afe1afc8165ac') in 0.012352 seconds
  Import took 0.014275 seconds .

========================================================================
Received Prepare
Registering precompiled user dll's ...
Registered in 0.000483 seconds.
Begin MonoManager ReloadAssembly
Native extension for WindowsStandalone target not found
Refreshing native plugins compatible for Editor in 0.23 ms, found 0 plugins.
Preloading 0 native plugins for Editor in 0.00 ms.
Invoked RoslynAnalysisRunner static constructor.
RoslynAnalysisRunner will not be running.
RoslynAnalysisRunner has terminated.
Mono: successfully reloaded assembly
- Completed reload, in  0.653 seconds
Platform modules already initialized, skipping
Refreshing native plugins compatible for Editor in 0.23 ms, found 0 plugins.
Preloading 0 native plugins for Editor in 0.00 ms.
Unloading 1196 Unused Serialized files (Serialized files now loaded: 0)
System memory in use before: 65.9 MB.
System memory in use after: 66.0 MB.

Unloading 4 unused Assets to reduce memory usage. Loaded Objects now: 1691.
Total: 1.415400 ms (FindLiveObjects: 0.150000 ms CreateObjectMapping: 0.039200 ms MarkObjects: 1.211800 ms  DeleteObjects: 0.013400 ms)

========================================================================
Received Prepare
Registering precompiled user dll's ...
Registered in 0.000517 seconds.
Begin MonoManager ReloadAssembly
Native extension for WindowsStandalone target not found
Refreshing native plugins compatible for Editor in 0.23 ms, found 0 plugins.
Preloading 0 native plugins for Editor in 0.00 ms.
Invoked RoslynAnalysisRunner static constructor.
RoslynAnalysisRunner will not be running.
RoslynAnalysisRunner has terminated.
Mono: successfully reloaded assembly
- Completed reload, in  0.876 seconds
Platform modules already initialized, skipping
Refreshing native plugins compatible for Editor in 0.23 ms, found 0 plugins.
Preloading 0 native plugins for Editor in 0.00 ms.
Unloading 1196 Unused Serialized files (Serialized files now loaded: 0)
System memory in use before: 65.9 MB.
System memory in use after: 66.0 MB.

Unloading 4 unused Assets to reduce memory usage. Loaded Objects now: 1694.
Total: 1.728200 ms (FindLiveObjects: 0.219000 ms CreateObjectMapping: 0.051200 ms MarkObjects: 1.444600 ms  DeleteObjects: 0.011900 ms)

========================================================================
Received Prepare
Refreshing native plugins compatible for Editor in 0.62 ms, found 0 plugins.
Preloading 0 native plugins for Editor in 0.00 ms.
Unloading 2 Unused Serialized files (Serialized files now loaded: 0)
System memory in use before: 42.2 MB.
System memory in use after: 42.4 MB.

Unloading 2 unused Assets to reduce memory usage. Loaded Objects now: 1694.
Total: 1.758800 ms (FindLiveObjects: 0.280500 ms CreateObjectMapping: 0.068500 ms MarkObjects: 1.383300 ms  DeleteObjects: 0.025600 ms)

========================================================================
Received Prepare
Registering precompiled user dll's ...
Registered in 0.000557 seconds.
Begin MonoManager ReloadAssembly
Native extension for WindowsStandalone target not found
Refreshing native plugins compatible for Editor in 0.24 ms, found 0 plugins.
Preloading 0 native plugins for Editor in 0.00 ms.
Invoked RoslynAnalysisRunner static constructor.
RoslynAnalysisRunner will not be running.
RoslynAnalysisRunner has terminated.
Mono: successfully reloaded assembly
- Completed reload, in  0.908 seconds
Platform modules already initialized, skipping
Refreshing native plugins compatible for Editor in 0.23 ms, found 0 plugins.
Preloading 0 native plugins for Editor in 0.00 ms.
Unloading 1196 Unused Serialized files (Serialized files now loaded: 0)
System memory in use before: 65.9 MB.
System memory in use after: 66.0 MB.

Unloading 4 unused Assets to reduce memory usage. Loaded Objects now: 1697.
Total: 1.467600 ms (FindLiveObjects: 0.159100 ms CreateObjectMapping: 0.036500 ms MarkObjects: 1.259800 ms  DeleteObjects: 0.011200 ms)

========================================================================
Received Prepare
Refreshing native plugins compatible for Editor in 0.69 ms, found 0 plugins.
Preloading 0 native plugins for Editor in 0.00 ms.
Unloading 2 Unused Serialized files (Serialized files now loaded: 0)
System memory in use before: 42.2 MB.
System memory in use after: 42.4 MB.

Unloading 2 unused Assets to reduce memory usage. Loaded Objects now: 1697.
Total: 1.707600 ms (FindLiveObjects: 0.155900 ms CreateObjectMapping: 0.044400 ms MarkObjects: 1.495800 ms  DeleteObjects: 0.010700 ms)

========================================================================
Received Import Request.
  Time since last request: 537.080417 seconds.
  path: Assets/02. Scripts/MyButtons.cs
  artifactKey: Guid(ae40133bde4f16d438554b26265102b4) Importer(815301076,1909f56bfc062723c751e8b465ee728b)
Start importing Assets/02. Scripts/MyButtons.cs using Guid(ae40133bde4f16d438554b26265102b4) Importer(815301076,1909f56bfc062723c751e8b465ee728b)  -> (artifact id: 'c151bd8c7bfd03098395713fcd981276') in 0.014851 seconds
  Import took 0.016986 seconds .

========================================================================
Received Import Request.
  Time since last request: 191.518704 seconds.
  path: Assets/01. Scenes/Next.unity
  artifactKey: Guid(7b0577d05bee0fb4cadb6de190cbcad4) Importer(815301076,1909f56bfc062723c751e8b465ee728b)
Start importing Assets/01. Scenes/Next.unity using Guid(7b0577d05bee0fb4cadb6de190cbcad4) Importer(815301076,1909f56bfc062723c751e8b465ee728b)  -> (artifact id: '6543565c14b47c29d1c4687461afbfac') in 0.012273 seconds
  Import took 0.014470 seconds .

========================================================================
Received Prepare
Refreshing native plugins compatible for Editor in 0.61 ms, found 0 plugins.
Preloading 0 native plugins for Editor in 0.00 ms.
Unloading 2 Unused Serialized files (Serialized files now loaded: 0)
System memory in use before: 42.3 MB.
System memory in use after: 42.4 MB.

Unloading 2 unused Assets to reduce memory usage. Loaded Objects now: 1697.
Total: 1.955100 ms (FindLiveObjects: 0.138000 ms CreateObjectMapping: 0.038500 ms MarkObjects: 1.768800 ms  DeleteObjects: 0.008900 ms)

========================================================================
Received Import Request.
  Time since last request: 57.049827 seconds.
  path: Assets/01. Scenes/Start.unity
  artifactKey: Guid(f5e4c326fa59f1b4789ab1a75f37772f) Importer(815301076,1909f56bfc062723c751e8b465ee728b)
Start importing Assets/01. Scenes/Start.unity using Guid(f5e4c326fa59f1b4789ab1a75f37772f) Importer(815301076,1909f56bfc062723c751e8b465ee728b)  -> (artifact id: 'a43e4a3bf2845524cb5760a8e5435dba') in 0.007532 seconds
  Import took 0.009592 seconds .

========================================================================
Received Prepare
Refreshing native plugins compatible for Editor in 0.62 ms, found 0 plugins.
Preloading 0 native plugins for Editor in 0.00 ms.
Unloading 2 Unused Serialized files (Serialized files now loaded: 0)
System memory in use before: 42.3 MB.
System memory in use after: 42.4 MB.

Unloading 2 unused Assets to reduce memory usage. Loaded Objects now: 1697.
Total: 2.091500 ms (FindLiveObjects: 0.157600 ms CreateObjectMapping: 0.038100 ms MarkObjects: 1.885500 ms  DeleteObjects: 0.009200 ms)

========================================================================
Received Prepare
Registering precompiled user dll's ...
Registered in 0.000499 seconds.
Begin MonoManager ReloadAssembly
Native extension for WindowsStandalone target not found
Refreshing native plugins compatible for Editor in 0.22 ms, found 0 plugins.
Preloading 0 native plugins for Editor in 0.00 ms.
Invoked RoslynAnalysisRunner static constructor.
RoslynAnalysisRunner will not be running.
RoslynAnalysisRunner has terminated.
Mono: successfully reloaded assembly
- Completed reload, in  0.652 seconds
Platform modules already initialized, skipping
Refreshing native plugins compatible for Editor in 0.22 ms, found 0 plugins.
Preloading 0 native plugins for Editor in 0.00 ms.
Unloading 1196 Unused Serialized files (Serialized files now loaded: 0)
System memory in use before: 66.0 MB.
System memory in use after: 66.1 MB.

Unloading 4 unused Assets to reduce memory usage. Loaded Objects now: 1700.
Total: 1.381500 ms (FindLiveObjects: 0.139100 ms CreateObjectMapping: 0.036500 ms MarkObjects: 1.195100 ms  DeleteObjects: 0.010000 ms)

========================================================================
Received Prepare
Refreshing native plugins compatible for Editor in 0.65 ms, found 0 plugins.
Preloading 0 native plugins for Editor in 0.00 ms.
Unloading 2 Unused Serialized files (Serialized files now loaded: 0)
System memory in use before: 42.3 MB.
System memory in use after: 42.4 MB.

Unloading 2 unused Assets to reduce memory usage. Loaded Objects now: 1700.
Total: 1.655300 ms (FindLiveObjects: 0.145400 ms CreateObjectMapping: 0.040400 ms MarkObjects: 1.458300 ms  DeleteObjects: 0.010000 ms)

========================================================================
Received Import Request.
  Time since last request: 513.553808 seconds.
  path: Assets/01. Scenes/Error.unity
  artifactKey: Guid(2697f17e7f28cea42a8fe33970531e12) Importer(815301076,1909f56bfc062723c751e8b465ee728b)
Start importing Assets/01. Scenes/Error.unity using Guid(2697f17e7f28cea42a8fe33970531e12) Importer(815301076,1909f56bfc062723c751e8b465ee728b)  -> (artifact id: '4c997dd32f884d6667a3776634a0e380') in 0.009183 seconds
  Import took 0.011018 seconds .

========================================================================
Received Import Request.
  Time since last request: 30.998885 seconds.
  path: Assets/03. Materials
  artifactKey: Guid(496dddf3ca1f043459edd98e7aecd300) Importer(815301076,1909f56bfc062723c751e8b465ee728b)
Start importing Assets/03. Materials using Guid(496dddf3ca1f043459edd98e7aecd300) Importer(815301076,1909f56bfc062723c751e8b465ee728b)  -> (artifact id: '639470c7642fca566ef2647d32d25174') in 0.009647 seconds
  Import took 0.012303 seconds .

========================================================================
Received Prepare
Registering precompiled user dll's ...
Registered in 0.000629 seconds.
Begin MonoManager ReloadAssembly
Native extension for WindowsStandalone target not found
Refreshing native plugins compatible for Editor in 0.23 ms, found 0 plugins.
Preloading 0 native plugins for Editor in 0.00 ms.
Invoked RoslynAnalysisRunner static constructor.
RoslynAnalysisRunner will not be running.
RoslynAnalysisRunner has terminated.
Mono: successfully reloaded assembly
- Completed reload, in  0.640 seconds
Platform modules already initialized, skipping
Refreshing native plugins compatible for Editor in 0.22 ms, found 0 plugins.
Preloading 0 native plugins for Editor in 0.00 ms.
Unloading 1196 Unused Serialized files (Serialized files now loaded: 0)
System memory in use before: 66.0 MB.
System memory in use after: 66.1 MB.

Unloading 4 unused Assets to reduce memory usage. Loaded Objects now: 1703.
Total: 1.370100 ms (FindLiveObjects: 0.135200 ms CreateObjectMapping: 0.037000 ms MarkObjects: 1.186300 ms  DeleteObjects: 0.010800 ms)

========================================================================
Received Import Request.
  Time since last request: 229.211474 seconds.
  path: Assets/02. Scripts/Error.cs
  artifactKey: Guid(8dbe09e6c6c29934980c71b6b5d06546) Importer(815301076,1909f56bfc062723c751e8b465ee728b)
Start importing Assets/02. Scripts/Error.cs using Guid(8dbe09e6c6c29934980c71b6b5d06546) Importer(815301076,1909f56bfc062723c751e8b465ee728b)  -> (artifact id: 'b3744148d0b7273526260be2d336fb8d') in 0.008052 seconds
  Import took 0.010622 seconds .

========================================================================
Received Import Request.
  Time since last request: 0.001316 seconds.
  path: Assets/02. Scripts/Error.cs
  artifactKey: Guid(8dbe09e6c6c29934980c71b6b5d06546) Importer(815301076,1909f56bfc062723c751e8b465ee728b)
Start importing Assets/02. Scripts/Error.cs using Guid(8dbe09e6c6c29934980c71b6b5d06546) Importer(815301076,1909f56bfc062723c751e8b465ee728b)  -> (artifact id: 'b3744148d0b7273526260be2d336fb8d') in 0.002190 seconds
  Import took 0.004066 seconds .

========================================================================
Received Import Request.
  Time since last request: 62.731360 seconds.
  path: Assets/02. Scripts/SoundManager.cs
  artifactKey: Guid(336456b40943b694db4574190c839e9a) Importer(815301076,1909f56bfc062723c751e8b465ee728b)
Start importing Assets/02. Scripts/SoundManager.cs using Guid(336456b40943b694db4574190c839e9a) Importer(815301076,1909f56bfc062723c751e8b465ee728b)  -> (artifact id: '8cf012fe8189a6b15c265beff5f582fc') in 0.007357 seconds
  Import took 0.009431 seconds .

========================================================================
Received Import Request.
  Time since last request: 0.005672 seconds.
  path: Assets/02. Scripts/SoundManager.cs
  artifactKey: Guid(336456b40943b694db4574190c839e9a) Importer(815301076,1909f56bfc062723c751e8b465ee728b)
Start importing Assets/02. Scripts/SoundManager.cs using Guid(336456b40943b694db4574190c839e9a) Importer(815301076,1909f56bfc062723c751e8b465ee728b)  -> (artifact id: '8cf012fe8189a6b15c265beff5f582fc') in 0.001998 seconds
  Import took 0.003902 seconds .

========================================================================
Received Prepare
Registering precompiled user dll's ...
Registered in 0.000491 seconds.
Begin MonoManager ReloadAssembly
Native extension for WindowsStandalone target not found
Refreshing native plugins compatible for Editor in 0.21 ms, found 0 plugins.
Preloading 0 native plugins for Editor in 0.00 ms.
Invoked RoslynAnalysisRunner static constructor.
RoslynAnalysisRunner will not be running.
RoslynAnalysisRunner has terminated.
Mono: successfully reloaded assembly
- Completed reload, in  0.646 seconds
Platform modules already initialized, skipping
Refreshing native plugins compatible for Editor in 0.22 ms, found 0 plugins.
Preloading 0 native plugins for Editor in 0.00 ms.
Unloading 1196 Unused Serialized files (Serialized files now loaded: 0)
System memory in use before: 66.0 MB.
System memory in use after: 66.1 MB.

Unloading 4 unused Assets to reduce memory usage. Loaded Objects now: 1706.
Total: 1.428900 ms (FindLiveObjects: 0.139100 ms CreateObjectMapping: 0.037300 ms MarkObjects: 1.242600 ms  DeleteObjects: 0.009200 ms)

========================================================================
Received Prepare
Registering precompiled user dll's ...
Registered in 0.000552 seconds.
Begin MonoManager ReloadAssembly
Native extension for WindowsStandalone target not found
Refreshing native plugins compatible for Editor in 0.22 ms, found 0 plugins.
Preloading 0 native plugins for Editor in 0.00 ms.
Invoked RoslynAnalysisRunner static constructor.
RoslynAnalysisRunner will not be running.
RoslynAnalysisRunner has terminated.
Mono: successfully reloaded assembly
- Completed reload, in  0.652 seconds
Platform modules already initialized, skipping
Refreshing native plugins compatible for Editor in 0.23 ms, found 0 plugins.
Preloading 0 native plugins for Editor in 0.00 ms.
Unloading 1196 Unused Serialized files (Serialized files now loaded: 0)
System memory in use before: 66.0 MB.
System memory in use after: 66.1 MB.

Unloading 4 unused Assets to reduce memory usage. Loaded Objects now: 1709.
Total: 1.357700 ms (FindLiveObjects: 0.137900 ms CreateObjectMapping: 0.033600 ms MarkObjects: 1.175900 ms  DeleteObjects: 0.009600 ms)

========================================================================
Received Prepare
Refreshing native plugins compatible for Editor in 0.94 ms, found 0 plugins.
Preloading 0 native plugins for Editor in 0.00 ms.
Unloading 2 Unused Serialized files (Serialized files now loaded: 0)
System memory in use before: 42.3 MB.
System memory in use after: 42.4 MB.

Unloading 2 unused Assets to reduce memory usage. Loaded Objects now: 1709.
Total: 1.523300 ms (FindLiveObjects: 0.142800 ms CreateObjectMapping: 0.034200 ms MarkObjects: 1.272700 ms  DeleteObjects: 0.008500 ms)

========================================================================
Received Prepare
Refreshing native plugins compatible for Editor in 0.63 ms, found 0 plugins.
Preloading 0 native plugins for Editor in 0.00 ms.
Unloading 2 Unused Serialized files (Serialized files now loaded: 0)
System memory in use before: 42.3 MB.
System memory in use after: 42.4 MB.

Unloading 2 unused Assets to reduce memory usage. Loaded Objects now: 1709.
Total: 1.946700 ms (FindLiveObjects: 0.150900 ms CreateObjectMapping: 0.038700 ms MarkObjects: 1.744500 ms  DeleteObjects: 0.011700 ms)

========================================================================
Received Prepare
Registering precompiled user dll's ...
Registered in 0.000538 seconds.
Begin MonoManager ReloadAssembly
Native extension for WindowsStandalone target not found
Refreshing native plugins compatible for Editor in 0.22 ms, found 0 plugins.
Preloading 0 native plugins for Editor in 0.00 ms.
Invoked RoslynAnalysisRunner static constructor.
RoslynAnalysisRunner will not be running.
RoslynAnalysisRunner has terminated.
Mono: successfully reloaded assembly
- Completed reload, in  0.648 seconds
Platform modules already initialized, skipping
Refreshing native plugins compatible for Editor in 0.22 ms, found 0 plugins.
Preloading 0 native plugins for Editor in 0.00 ms.
Unloading 1196 Unused Serialized files (Serialized files now loaded: 0)
System memory in use before: 66.0 MB.
System memory in use after: 66.1 MB.

Unloading 4 unused Assets to reduce memory usage. Loaded Objects now: 1712.
Total: 1.446400 ms (FindLiveObjects: 0.139200 ms CreateObjectMapping: 0.037200 ms MarkObjects: 1.259600 ms  DeleteObjects: 0.009700 ms)

========================================================================
Received Prepare
Registering precompiled user dll's ...
Registered in 0.000521 seconds.
Begin MonoManager ReloadAssembly
Native extension for WindowsStandalone target not found
Refreshing native plugins compatible for Editor in 0.22 ms, found 0 plugins.
Preloading 0 native plugins for Editor in 0.00 ms.
Invoked RoslynAnalysisRunner static constructor.
RoslynAnalysisRunner will not be running.
RoslynAnalysisRunner has terminated.
Mono: successfully reloaded assembly
- Completed reload, in  0.645 seconds
Platform modules already initialized, skipping
Refreshing native plugins compatible for Editor in 0.22 ms, found 0 plugins.
Preloading 0 native plugins for Editor in 0.00 ms.
Unloading 1196 Unused Serialized files (Serialized files now loaded: 0)
System memory in use before: 66.0 MB.
System memory in use after: 66.1 MB.

Unloading 4 unused Assets to reduce memory usage. Loaded Objects now: 1715.
Total: 1.665100 ms (FindLiveObjects: 0.145400 ms CreateObjectMapping: 0.038000 ms MarkObjects: 1.469800 ms  DeleteObjects: 0.011200 ms)

========================================================================
Received Prepare
Registering precompiled user dll's ...
Registered in 0.000589 seconds.
Begin MonoManager ReloadAssembly
Native extension for WindowsStandalone target not found
Refreshing native plugins compatible for Editor in 0.22 ms, found 0 plugins.
Preloading 0 native plugins for Editor in 0.00 ms.
Invoked RoslynAnalysisRunner static constructor.
RoslynAnalysisRunner will not be running.
RoslynAnalysisRunner has terminated.
Mono: successfully reloaded assembly
- Completed reload, in  0.639 seconds
Platform modules already initialized, skipping
Refreshing native plugins compatible for Editor in 0.28 ms, found 0 plugins.
Preloading 0 native plugins for Editor in 0.00 ms.
Unloading 1196 Unused Serialized files (Serialized files now loaded: 0)
System memory in use before: 66.0 MB.
System memory in use after: 66.1 MB.

Unloading 4 unused Assets to reduce memory usage. Loaded Objects now: 1718.
Total: 1.569300 ms (FindLiveObjects: 0.150200 ms CreateObjectMapping: 0.036300 ms MarkObjects: 1.367600 ms  DeleteObjects: 0.014400 ms)

========================================================================
Received Prepare
Registering precompiled user dll's ...
Registered in 0.000509 seconds.
Begin MonoManager ReloadAssembly
Native extension for WindowsStandalone target not found
Refreshing native plugins compatible for Editor in 0.23 ms, found 0 plugins.
Preloading 0 native plugins for Editor in 0.00 ms.
Invoked RoslynAnalysisRunner static constructor.
RoslynAnalysisRunner will not be running.
RoslynAnalysisRunner has terminated.
Mono: successfully reloaded assembly
- Completed reload, in  0.643 seconds
Platform modules already initialized, skipping
Refreshing native plugins compatible for Editor in 0.23 ms, found 0 plugins.
Preloading 0 native plugins for Editor in 0.00 ms.
Unloading 1196 Unused Serialized files (Serialized files now loaded: 0)
System memory in use before: 66.0 MB.
System memory in use after: 66.1 MB.

Unloading 4 unused Assets to reduce memory usage. Loaded Objects now: 1721.
Total: 1.367900 ms (FindLiveObjects: 0.134300 ms CreateObjectMapping: 0.034500 ms MarkObjects: 1.189000 ms  DeleteObjects: 0.009500 ms)

========================================================================
Received Prepare
Registering precompiled user dll's ...
Registered in 0.000516 seconds.
Begin MonoManager ReloadAssembly
Native extension for WindowsStandalone target not found
Refreshing native plugins compatible for Editor in 0.22 ms, found 0 plugins.
Preloading 0 native plugins for Editor in 0.00 ms.
Invoked RoslynAnalysisRunner static constructor.
RoslynAnalysisRunner will not be running.
RoslynAnalysisRunner has terminated.
Mono: successfully reloaded assembly
- Completed reload, in  0.656 seconds
Platform modules already initialized, skipping
Refreshing native plugins compatible for Editor in 0.22 ms, found 0 plugins.
Preloading 0 native plugins for Editor in 0.00 ms.
Unloading 1196 Unused Serialized files (Serialized files now loaded: 0)
System memory in use before: 66.0 MB.
System memory in use after: 66.1 MB.

Unloading 4 unused Assets to reduce memory usage. Loaded Objects now: 1724.
Total: 1.418100 ms (FindLiveObjects: 0.142800 ms CreateObjectMapping: 0.042800 ms MarkObjects: 1.221900 ms  DeleteObjects: 0.009700 ms)

========================================================================
Received Prepare
Refreshing native plugins compatible for Editor in 0.80 ms, found 0 plugins.
Preloading 0 native plugins for Editor in 0.00 ms.
Unloading 2 Unused Serialized files (Serialized files now loaded: 0)
System memory in use before: 42.3 MB.
System memory in use after: 42.4 MB.

Unloading 2 unused Assets to reduce memory usage. Loaded Objects now: 1724.
Total: 1.628900 ms (FindLiveObjects: 0.164200 ms CreateObjectMapping: 0.043800 ms MarkObjects: 1.406100 ms  DeleteObjects: 0.012900 ms)

========================================================================
Received Prepare
Registering precompiled user dll's ...
Registered in 0.000629 seconds.
Begin MonoManager ReloadAssembly
Native extension for WindowsStandalone target not found
Refreshing native plugins compatible for Editor in 0.23 ms, found 0 plugins.
Preloading 0 native plugins for Editor in 0.00 ms.
Invoked RoslynAnalysisRunner static constructor.
RoslynAnalysisRunner will not be running.
RoslynAnalysisRunner has terminated.
Mono: successfully reloaded assembly
- Completed reload, in  0.668 seconds
Platform modules already initialized, skipping
Refreshing native plugins compatible for Editor in 0.22 ms, found 0 plugins.
Preloading 0 native plugins for Editor in 0.00 ms.
Unloading 1196 Unused Serialized files (Serialized files now loaded: 0)
System memory in use before: 66.1 MB.
System memory in use after: 66.2 MB.

Unloading 4 unused Assets to reduce memory usage. Loaded Objects now: 1727.
Total: 1.486100 ms (FindLiveObjects: 0.163500 ms CreateObjectMapping: 0.040600 ms MarkObjects: 1.271000 ms  DeleteObjects: 0.010200 ms)

========================================================================
Received Prepare
Refreshing native plugins compatible for Editor in 0.65 ms, found 0 plugins.
Preloading 0 native plugins for Editor in 0.00 ms.
Unloading 2 Unused Serialized files (Serialized files now loaded: 0)
System memory in use before: 42.4 MB.
System memory in use after: 42.5 MB.

Unloading 2 unused Assets to reduce memory usage. Loaded Objects now: 1727.
Total: 1.386900 ms (FindLiveObjects: 0.138300 ms CreateObjectMapping: 0.047000 ms MarkObjects: 1.192400 ms  DeleteObjects: 0.008500 ms)

========================================================================
Received Import Request.
  Time since last request: 921.781646 seconds.
  path: Assets/01. Scenes/Start.unity
  artifactKey: Guid(f5e4c326fa59f1b4789ab1a75f37772f) Importer(815301076,1909f56bfc062723c751e8b465ee728b)
Start importing Assets/01. Scenes/Start.unity using Guid(f5e4c326fa59f1b4789ab1a75f37772f) Importer(815301076,1909f56bfc062723c751e8b465ee728b)  -> (artifact id: '9d521ae6e11de7b89c3ab81022d764a1') in 0.009051 seconds
  Import took 0.010945 seconds .

========================================================================
Received Prepare
Registering precompiled user dll's ...
Registered in 0.000792 seconds.
Begin MonoManager ReloadAssembly
Native extension for WindowsStandalone target not found
Refreshing native plugins compatible for Editor in 0.23 ms, found 0 plugins.
Preloading 0 native plugins for Editor in 0.00 ms.
Invoked RoslynAnalysisRunner static constructor.
RoslynAnalysisRunner will not be running.
RoslynAnalysisRunner has terminated.
Mono: successfully reloaded assembly
- Completed reload, in  0.637 seconds
Platform modules already initialized, skipping
Refreshing native plugins compatible for Editor in 0.22 ms, found 0 plugins.
Preloading 0 native plugins for Editor in 0.00 ms.
Unloading 1196 Unused Serialized files (Serialized files now loaded: 0)
System memory in use before: 66.1 MB.
System memory in use after: 66.2 MB.

Unloading 4 unused Assets to reduce memory usage. Loaded Objects now: 1730.
Total: 1.408700 ms (FindLiveObjects: 0.121600 ms CreateObjectMapping: 0.034900 ms MarkObjects: 1.242600 ms  DeleteObjects: 0.008800 ms)

========================================================================
Received Prepare
Refreshing native plugins compatible for Editor in 0.89 ms, found 0 plugins.
Preloading 0 native plugins for Editor in 0.00 ms.
Unloading 2 Unused Serialized files (Serialized files now loaded: 0)
System memory in use before: 42.4 MB.
System memory in use after: 42.5 MB.

Unloading 2 unused Assets to reduce memory usage. Loaded Objects now: 1730.
Total: 2.115200 ms (FindLiveObjects: 0.165900 ms CreateObjectMapping: 0.038100 ms MarkObjects: 1.899000 ms  DeleteObjects: 0.011100 ms)

========================================================================
Received Import Request.
  Time since last request: 731.930615 seconds.
  path: Assets/01. Scenes/Load.unity
  artifactKey: Guid(67c1b635b3c52fd488df29de4411b383) Importer(815301076,1909f56bfc062723c751e8b465ee728b)
Start importing Assets/01. Scenes/Load.unity using Guid(67c1b635b3c52fd488df29de4411b383) Importer(815301076,1909f56bfc062723c751e8b465ee728b)  -> (artifact id: 'b906303a3c830e47b7b9443a31fe7375') in 0.013095 seconds
  Import took 0.015537 seconds .

========================================================================
Received Import Request.
  Time since last request: 0.483714 seconds.
  path: Assets/01. Scenes/Error.unity
  artifactKey: Guid(2697f17e7f28cea42a8fe33970531e12) Importer(815301076,1909f56bfc062723c751e8b465ee728b)
Start importing Assets/01. Scenes/Error.unity using Guid(2697f17e7f28cea42a8fe33970531e12) Importer(815301076,1909f56bfc062723c751e8b465ee728b)  -> (artifact id: '8bbb34eda950bd0ff8028684bfe3978e') in 0.002282 seconds
  Import took 0.004387 seconds .

========================================================================
Received Import Request.
  Time since last request: 0.000450 seconds.
  path: Assets/01. Scenes/Error.unity
  artifactKey: Guid(2697f17e7f28cea42a8fe33970531e12) Importer(815301076,1909f56bfc062723c751e8b465ee728b)
Start importing Assets/01. Scenes/Error.unity using Guid(2697f17e7f28cea42a8fe33970531e12) Importer(815301076,1909f56bfc062723c751e8b465ee728b)  -> (artifact id: '8bbb34eda950bd0ff8028684bfe3978e') in 0.002141 seconds
  Import took 0.003997 seconds .

========================================================================
Received Prepare
Registering precompiled user dll's ...
Registered in 0.000572 seconds.
Begin MonoManager ReloadAssembly
Native extension for WindowsStandalone target not found
Refreshing native plugins compatible for Editor in 0.23 ms, found 0 plugins.
Preloading 0 native plugins for Editor in 0.00 ms.
Invoked RoslynAnalysisRunner static constructor.
RoslynAnalysisRunner will not be running.
RoslynAnalysisRunner has terminated.
Mono: successfully reloaded assembly
- Completed reload, in  0.852 seconds
Platform modules already initialized, skipping
Refreshing native plugins compatible for Editor in 0.23 ms, found 0 plugins.
Preloading 0 native plugins for Editor in 0.00 ms.
Unloading 1196 Unused Serialized files (Serialized files now loaded: 0)
System memory in use before: 66.1 MB.
System memory in use after: 66.2 MB.

Unloading 4 unused Assets to reduce memory usage. Loaded Objects now: 1733.
Total: 1.428400 ms (FindLiveObjects: 0.141700 ms CreateObjectMapping: 0.032600 ms MarkObjects: 1.241900 ms  DeleteObjects: 0.011400 ms)

========================================================================
Received Prepare
Refreshing native plugins compatible for Editor in 0.70 ms, found 0 plugins.
Preloading 0 native plugins for Editor in 0.00 ms.
Unloading 2 Unused Serialized files (Serialized files now loaded: 0)
System memory in use before: 42.4 MB.
System memory in use after: 42.6 MB.

Unloading 2 unused Assets to reduce memory usage. Loaded Objects now: 1733.
Total: 1.696500 ms (FindLiveObjects: 0.169200 ms CreateObjectMapping: 0.049100 ms MarkObjects: 1.466800 ms  DeleteObjects: 0.010600 ms)

========================================================================
Received Prepare
Registering precompiled user dll's ...
Registered in 0.000528 seconds.
Begin MonoManager ReloadAssembly
Native extension for WindowsStandalone target not found
Refreshing native plugins compatible for Editor in 0.23 ms, found 0 plugins.
Preloading 0 native plugins for Editor in 0.00 ms.
Invoked RoslynAnalysisRunner static constructor.
RoslynAnalysisRunner will not be running.
RoslynAnalysisRunner has terminated.
Mono: successfully reloaded assembly
- Completed reload, in  0.649 seconds
Platform modules already initialized, skipping
Refreshing native plugins compatible for Editor in 0.23 ms, found 0 plugins.
Preloading 0 native plugins for Editor in 0.00 ms.
Unloading 1196 Unused Serialized files (Serialized files now loaded: 0)
System memory in use before: 66.1 MB.
System memory in use after: 66.2 MB.

Unloading 4 unused Assets to reduce memory usage. Loaded Objects now: 1736.
Total: 1.359900 ms (FindLiveObjects: 0.128300 ms CreateObjectMapping: 0.038400 ms MarkObjects: 1.182500 ms  DeleteObjects: 0.009000 ms)

========================================================================
Received Prepare
Registering precompiled user dll's ...
Registered in 0.000499 seconds.
Begin MonoManager ReloadAssembly
Native extension for WindowsStandalone target not found
Refreshing native plugins compatible for Editor in 0.24 ms, found 0 plugins.
Preloading 0 native plugins for Editor in 0.00 ms.
Invoked RoslynAnalysisRunner static constructor.
RoslynAnalysisRunner will not be running.
RoslynAnalysisRunner has terminated.
Mono: successfully reloaded assembly
- Completed reload, in  0.673 seconds
Platform modules already initialized, skipping
Refreshing native plugins compatible for Editor in 0.22 ms, found 0 plugins.
Preloading 0 native plugins for Editor in 0.00 ms.
Unloading 1196 Unused Serialized files (Serialized files now loaded: 0)
System memory in use before: 66.1 MB.
System memory in use after: 66.2 MB.

Unloading 4 unused Assets to reduce memory usage. Loaded Objects now: 1739.
Total: 1.563100 ms (FindLiveObjects: 0.135300 ms CreateObjectMapping: 0.034400 ms MarkObjects: 1.380700 ms  DeleteObjects: 0.011100 ms)

========================================================================
Received Prepare
Refreshing native plugins compatible for Editor in 1.13 ms, found 0 plugins.
Preloading 0 native plugins for Editor in 0.00 ms.
Unloading 2 Unused Serialized files (Serialized files now loaded: 0)
System memory in use before: 42.5 MB.
System memory in use after: 42.6 MB.

Unloading 2 unused Assets to reduce memory usage. Loaded Objects now: 1739.
Total: 1.410100 ms (FindLiveObjects: 0.163100 ms CreateObjectMapping: 0.036700 ms MarkObjects: 1.200400 ms  DeleteObjects: 0.008900 ms)

========================================================================
Received Prepare
Registering precompiled user dll's ...
Registered in 0.000482 seconds.
Begin MonoManager ReloadAssembly
Native extension for WindowsStandalone target not found
Refreshing native plugins compatible for Editor in 0.22 ms, found 0 plugins.
Preloading 0 native plugins for Editor in 0.00 ms.
Invoked RoslynAnalysisRunner static constructor.
RoslynAnalysisRunner will not be running.
RoslynAnalysisRunner has terminated.
Mono: successfully reloaded assembly
- Completed reload, in  0.645 seconds
Platform modules already initialized, skipping
Refreshing native plugins compatible for Editor in 0.23 ms, found 0 plugins.
Preloading 0 native plugins for Editor in 0.00 ms.
Unloading 1196 Unused Serialized files (Serialized files now loaded: 0)
System memory in use before: 66.2 MB.
System memory in use after: 66.3 MB.

Unloading 4 unused Assets to reduce memory usage. Loaded Objects now: 1742.
Total: 1.391900 ms (FindLiveObjects: 0.136000 ms CreateObjectMapping: 0.033300 ms MarkObjects: 1.211900 ms  DeleteObjects: 0.010200 ms)

========================================================================
Received Prepare
Registering precompiled user dll's ...
Registered in 0.000492 seconds.
Begin MonoManager ReloadAssembly
Native extension for WindowsStandalone target not found
Refreshing native plugins compatible for Editor in 0.21 ms, found 0 plugins.
Preloading 0 native plugins for Editor in 0.00 ms.
Invoked RoslynAnalysisRunner static constructor.
RoslynAnalysisRunner will not be running.
RoslynAnalysisRunner has terminated.
Mono: successfully reloaded assembly
- Completed reload, in  0.641 seconds
Platform modules already initialized, skipping
Refreshing native plugins compatible for Editor in 0.22 ms, found 0 plugins.
Preloading 0 native plugins for Editor in 0.00 ms.
Unloading 1196 Unused Serialized files (Serialized files now loaded: 0)
System memory in use before: 66.2 MB.
System memory in use after: 66.3 MB.

Unloading 4 unused Assets to reduce memory usage. Loaded Objects now: 1745.
Total: 1.396900 ms (FindLiveObjects: 0.124200 ms CreateObjectMapping: 0.031500 ms MarkObjects: 1.231300 ms  DeleteObjects: 0.009000 ms)

========================================================================
Received Prepare
Registering precompiled user dll's ...
Registered in 0.000494 seconds.
Begin MonoManager ReloadAssembly
Native extension for WindowsStandalone target not found
Refreshing native plugins compatible for Editor in 0.22 ms, found 0 plugins.
Preloading 0 native plugins for Editor in 0.00 ms.
Invoked RoslynAnalysisRunner static constructor.
RoslynAnalysisRunner will not be running.
RoslynAnalysisRunner has terminated.
Mono: successfully reloaded assembly
- Completed reload, in  0.662 seconds
Platform modules already initialized, skipping
Refreshing native plugins compatible for Editor in 0.22 ms, found 0 plugins.
Preloading 0 native plugins for Editor in 0.00 ms.
Unloading 1196 Unused Serialized files (Serialized files now loaded: 0)
System memory in use before: 66.2 MB.
System memory in use after: 66.3 MB.

Unloading 4 unused Assets to reduce memory usage. Loaded Objects now: 1748.
Total: 1.656000 ms (FindLiveObjects: 0.138700 ms CreateObjectMapping: 0.042600 ms MarkObjects: 1.463200 ms  DeleteObjects: 0.010800 ms)

========================================================================
Received Import Request.
  Time since last request: 479.737389 seconds.
  path: Assets/01. Scenes/Error.unity
  artifactKey: Guid(2697f17e7f28cea42a8fe33970531e12) Importer(815301076,1909f56bfc062723c751e8b465ee728b)
Start importing Assets/01. Scenes/Error.unity using Guid(2697f17e7f28cea42a8fe33970531e12) Importer(815301076,1909f56bfc062723c751e8b465ee728b)  -> (artifact id: '212fc808e69538a077f57a3c97c91924') in 0.009885 seconds
  Import took 0.011987 seconds .

========================================================================
Received Prepare
Refreshing native plugins compatible for Editor in 0.63 ms, found 0 plugins.
Preloading 0 native plugins for Editor in 0.00 ms.
Unloading 2 Unused Serialized files (Serialized files now loaded: 0)
System memory in use before: 42.5 MB.
System memory in use after: 42.6 MB.

Unloading 2 unused Assets to reduce memory usage. Loaded Objects now: 1748.
Total: 1.732400 ms (FindLiveObjects: 0.131600 ms CreateObjectMapping: 0.033500 ms MarkObjects: 1.558300 ms  DeleteObjects: 0.008300 ms)

========================================================================
Received Prepare
Refreshing native plugins compatible for Editor in 0.60 ms, found 0 plugins.
Preloading 0 native plugins for Editor in 0.00 ms.
Unloading 2 Unused Serialized files (Serialized files now loaded: 0)
System memory in use before: 42.5 MB.
System memory in use after: 42.6 MB.

Unloading 2 unused Assets to reduce memory usage. Loaded Objects now: 1748.
Total: 1.749800 ms (FindLiveObjects: 0.138000 ms CreateObjectMapping: 0.043300 ms MarkObjects: 1.557700 ms  DeleteObjects: 0.009800 ms)

========================================================================
Received Prepare
Registering precompiled user dll's ...
Registered in 0.000538 seconds.
Begin MonoManager ReloadAssembly
Native extension for WindowsStandalone target not found
Refreshing native plugins compatible for Editor in 0.22 ms, found 0 plugins.
Preloading 0 native plugins for Editor in 0.00 ms.
Invoked RoslynAnalysisRunner static constructor.
RoslynAnalysisRunner will not be running.
RoslynAnalysisRunner has terminated.
Mono: successfully reloaded assembly
- Completed reload, in  0.690 seconds
Platform modules already initialized, skipping
Refreshing native plugins compatible for Editor in 0.23 ms, found 0 plugins.
Preloading 0 native plugins for Editor in 0.00 ms.
Unloading 1196 Unused Serialized files (Serialized files now loaded: 0)
System memory in use before: 66.2 MB.
System memory in use after: 66.3 MB.

Unloading 4 unused Assets to reduce memory usage. Loaded Objects now: 1751.
Total: 1.875100 ms (FindLiveObjects: 0.210600 ms CreateObjectMapping: 0.051400 ms MarkObjects: 1.596200 ms  DeleteObjects: 0.015600 ms)

========================================================================
Received Prepare
Refreshing native plugins compatible for Editor in 0.70 ms, found 0 plugins.
Preloading 0 native plugins for Editor in 0.00 ms.
Unloading 2 Unused Serialized files (Serialized files now loaded: 0)
System memory in use before: 42.5 MB.
System memory in use after: 42.6 MB.

Unloading 2 unused Assets to reduce memory usage. Loaded Objects now: 1751.
Total: 1.553800 ms (FindLiveObjects: 0.158300 ms CreateObjectMapping: 0.044600 ms MarkObjects: 1.340700 ms  DeleteObjects: 0.009300 ms)

========================================================================
Received Prepare
Registering precompiled user dll's ...
Registered in 0.000595 seconds.
Begin MonoManager ReloadAssembly
Native extension for WindowsStandalone target not found
Refreshing native plugins compatible for Editor in 0.22 ms, found 0 plugins.
Preloading 0 native plugins for Editor in 0.00 ms.
Invoked RoslynAnalysisRunner static constructor.
RoslynAnalysisRunner will not be running.
RoslynAnalysisRunner has terminated.
Mono: successfully reloaded assembly
- Completed reload, in  0.647 seconds
Platform modules already initialized, skipping
Refreshing native plugins compatible for Editor in 0.24 ms, found 0 plugins.
Preloading 0 native plugins for Editor in 0.00 ms.
Unloading 1196 Unused Serialized files (Serialized files now loaded: 0)
System memory in use before: 66.2 MB.
System memory in use after: 66.3 MB.

Unloading 4 unused Assets to reduce memory usage. Loaded Objects now: 1754.
Total: 1.463500 ms (FindLiveObjects: 0.140600 ms CreateObjectMapping: 0.033200 ms MarkObjects: 1.279300 ms  DeleteObjects: 0.009900 ms)

========================================================================
Received Prepare
Registering precompiled user dll's ...
Registered in 0.000548 seconds.
Begin MonoManager ReloadAssembly
Native extension for WindowsStandalone target not found
Refreshing native plugins compatible for Editor in 0.23 ms, found 0 plugins.
Preloading 0 native plugins for Editor in 0.00 ms.
Invoked RoslynAnalysisRunner static constructor.
RoslynAnalysisRunner will not be running.
RoslynAnalysisRunner has terminated.
Mono: successfully reloaded assembly
- Completed reload, in  0.662 seconds
Platform modules already initialized, skipping
Refreshing native plugins compatible for Editor in 0.22 ms, found 0 plugins.
Preloading 0 native plugins for Editor in 0.00 ms.
Unloading 1196 Unused Serialized files (Serialized files now loaded: 0)
System memory in use before: 66.2 MB.
System memory in use after: 66.3 MB.

Unloading 4 unused Assets to reduce memory usage. Loaded Objects now: 1757.
Total: 1.473300 ms (FindLiveObjects: 0.151700 ms CreateObjectMapping: 0.040700 ms MarkObjects: 1.269900 ms  DeleteObjects: 0.010500 ms)

========================================================================
Received Import Request.
  Time since last request: 4006.516336 seconds.
  path: Assets/02. Scripts/SoundManager.cs
  artifactKey: Guid(336456b40943b694db4574190c839e9a) Importer(815301076,1909f56bfc062723c751e8b465ee728b)
Start importing Assets/02. Scripts/SoundManager.cs using Guid(336456b40943b694db4574190c839e9a) Importer(815301076,1909f56bfc062723c751e8b465ee728b)  -> (artifact id: '0c88366b4fa3462a3089b3317f1cfa38') in 0.003544 seconds
  Import took 0.005276 seconds .

========================================================================
Received Prepare
Registering precompiled user dll's ...
Registered in 0.000592 seconds.
Begin MonoManager ReloadAssembly
Native extension for WindowsStandalone target not found
Refreshing native plugins compatible for Editor in 0.22 ms, found 0 plugins.
Preloading 0 native plugins for Editor in 0.00 ms.
Invoked RoslynAnalysisRunner static constructor.
RoslynAnalysisRunner will not be running.
RoslynAnalysisRunner has terminated.
Mono: successfully reloaded assembly
- Completed reload, in  0.630 seconds
Platform modules already initialized, skipping
Refreshing native plugins compatible for Editor in 0.22 ms, found 0 plugins.
Preloading 0 native plugins for Editor in 0.00 ms.
Unloading 1196 Unused Serialized files (Serialized files now loaded: 0)
System memory in use before: 66.2 MB.
System memory in use after: 66.3 MB.

Unloading 4 unused Assets to reduce memory usage. Loaded Objects now: 1760.
Total: 1.415200 ms (FindLiveObjects: 0.135100 ms CreateObjectMapping: 0.035900 ms MarkObjects: 1.234100 ms  DeleteObjects: 0.009600 ms)

========================================================================
Received Import Request.
  Time since last request: 119.228212 seconds.
  path: Assets/01. Scenes/Next.unity
  artifactKey: Guid(7b0577d05bee0fb4cadb6de190cbcad4) Importer(815301076,1909f56bfc062723c751e8b465ee728b)
Start importing Assets/01. Scenes/Next.unity using Guid(7b0577d05bee0fb4cadb6de190cbcad4) Importer(815301076,1909f56bfc062723c751e8b465ee728b)  -> (artifact id: '092bdb75dbfeaf44ad96bbb0287df28e') in 0.013479 seconds
  Import took 0.015563 seconds .

========================================================================
Received Import Request.
  Time since last request: 27.544216 seconds.
  path: Assets/Sounds/erro.mp3
  artifactKey: Guid(f72baa122094bd14ca51e5dd65675eb1) Importer(815301076,1909f56bfc062723c751e8b465ee728b)
Start importing Assets/Sounds/erro.mp3 using Guid(f72baa122094bd14ca51e5dd65675eb1) Importer(815301076,1909f56bfc062723c751e8b465ee728b)  -> (artifact id: '480156db182885b3fcbfef75ea8b46df') in 0.055970 seconds
  Import took 0.057846 seconds .

========================================================================
Received Prepare
Registering precompiled user dll's ...
Registered in 0.000542 seconds.
Begin MonoManager ReloadAssembly
Native extension for WindowsStandalone target not found
Refreshing native plugins compatible for Editor in 0.23 ms, found 0 plugins.
Preloading 0 native plugins for Editor in 0.00 ms.
Invoked RoslynAnalysisRunner static constructor.
RoslynAnalysisRunner will not be running.
RoslynAnalysisRunner has terminated.
Mono: successfully reloaded assembly
- Completed reload, in  0.658 seconds
Platform modules already initialized, skipping
Refreshing native plugins compatible for Editor in 0.24 ms, found 0 plugins.
Preloading 0 native plugins for Editor in 0.00 ms.
Unloading 1196 Unused Serialized files (Serialized files now loaded: 0)
System memory in use before: 66.3 MB.
System memory in use after: 66.4 MB.

Unloading 4 unused Assets to reduce memory usage. Loaded Objects now: 1769.
Total: 1.520200 ms (FindLiveObjects: 0.138600 ms CreateObjectMapping: 0.036600 ms MarkObjects: 1.334200 ms  DeleteObjects: 0.010200 ms)

========================================================================
Received Prepare
Registering precompiled user dll's ...
Registered in 0.000546 seconds.
Begin MonoManager ReloadAssembly
Native extension for WindowsStandalone target not found
Refreshing native plugins compatible for Editor in 0.23 ms, found 0 plugins.
Preloading 0 native plugins for Editor in 0.00 ms.
Invoked RoslynAnalysisRunner static constructor.
RoslynAnalysisRunner will not be running.
RoslynAnalysisRunner has terminated.
Mono: successfully reloaded assembly
- Completed reload, in  0.651 seconds
Platform modules already initialized, skipping
Refreshing native plugins compatible for Editor in 0.22 ms, found 0 plugins.
Preloading 0 native plugins for Editor in 0.00 ms.
Unloading 1196 Unused Serialized files (Serialized files now loaded: 0)
System memory in use before: 66.3 MB.
System memory in use after: 66.4 MB.

Unloading 4 unused Assets to reduce memory usage. Loaded Objects now: 1772.
Total: 1.504500 ms (FindLiveObjects: 0.157500 ms CreateObjectMapping: 0.048100 ms MarkObjects: 1.287900 ms  DeleteObjects: 0.010300 ms)

========================================================================
Received Prepare
Registering precompiled user dll's ...
Registered in 0.000476 seconds.
Begin MonoManager ReloadAssembly
Native extension for WindowsStandalone target not found
Refreshing native plugins compatible for Editor in 0.22 ms, found 0 plugins.
Preloading 0 native plugins for Editor in 0.00 ms.
Invoked RoslynAnalysisRunner static constructor.
RoslynAnalysisRunner will not be running.
RoslynAnalysisRunner has terminated.
Mono: successfully reloaded assembly
- Completed reload, in  0.645 seconds
Platform modules already initialized, skipping
Refreshing native plugins compatible for Editor in 0.24 ms, found 0 plugins.
Preloading 0 native plugins for Editor in 0.00 ms.
Unloading 1196 Unused Serialized files (Serialized files now loaded: 0)
System memory in use before: 66.3 MB.
System memory in use after: 66.4 MB.

Unloading 4 unused Assets to reduce memory usage. Loaded Objects now: 1775.
Total: 1.398300 ms (FindLiveObjects: 0.147300 ms CreateObjectMapping: 0.034800 ms MarkObjects: 1.205000 ms  DeleteObjects: 0.010500 ms)

========================================================================
Received Prepare
Refreshing native plugins compatible for Editor in 0.69 ms, found 0 plugins.
Preloading 0 native plugins for Editor in 0.00 ms.
Unloading 2 Unused Serialized files (Serialized files now loaded: 0)
System memory in use before: 42.6 MB.
System memory in use after: 42.7 MB.

Unloading 2 unused Assets to reduce memory usage. Loaded Objects now: 1775.
Total: 1.476500 ms (FindLiveObjects: 0.145500 ms CreateObjectMapping: 0.039700 ms MarkObjects: 1.278800 ms  DeleteObjects: 0.011500 ms)

========================================================================
Received Prepare
Registering precompiled user dll's ...
Registered in 0.000719 seconds.
Begin MonoManager ReloadAssembly
Native extension for WindowsStandalone target not found
Refreshing native plugins compatible for Editor in 0.27 ms, found 0 plugins.
Preloading 0 native plugins for Editor in 0.00 ms.
Invoked RoslynAnalysisRunner static constructor.
RoslynAnalysisRunner will not be running.
RoslynAnalysisRunner has terminated.
Mono: successfully reloaded assembly
- Completed reload, in  0.655 seconds
Platform modules already initialized, skipping
Refreshing native plugins compatible for Editor in 0.21 ms, found 0 plugins.
Preloading 0 native plugins for Editor in 0.00 ms.
Unloading 1196 Unused Serialized files (Serialized files now loaded: 0)
System memory in use before: 66.3 MB.
System memory in use after: 66.4 MB.

Unloading 4 unused Assets to reduce memory usage. Loaded Objects now: 1778.
Total: 1.486400 ms (FindLiveObjects: 0.166300 ms CreateObjectMapping: 0.042400 ms MarkObjects: 1.266000 ms  DeleteObjects: 0.011000 ms)

========================================================================
Received Import Request.
  Time since last request: 873.829866 seconds.
  path: Assets/01. Scenes/Error.unity
  artifactKey: Guid(2697f17e7f28cea42a8fe33970531e12) Importer(815301076,1909f56bfc062723c751e8b465ee728b)
Start importing Assets/01. Scenes/Error.unity using Guid(2697f17e7f28cea42a8fe33970531e12) Importer(815301076,1909f56bfc062723c751e8b465ee728b)  -> (artifact id: '7a600f36c77b6751fbf0092d8f44bcbe') in 0.012991 seconds
  Import took 0.014865 seconds .

========================================================================
Received Import Request.
  Time since last request: 13.297275 seconds.
  path: Assets/01. Scenes/Next.unity
  artifactKey: Guid(7b0577d05bee0fb4cadb6de190cbcad4) Importer(815301076,1909f56bfc062723c751e8b465ee728b)
Start importing Assets/01. Scenes/Next.unity using Guid(7b0577d05bee0fb4cadb6de190cbcad4) Importer(815301076,1909f56bfc062723c751e8b465ee728b)  -> (artifact id: 'f7ff00c70fb5d1685b44ee4a6bb1b49a') in 0.002414 seconds
  Import took 0.004354 seconds .

========================================================================
Received Import Request.
  Time since last request: 0.000771 seconds.
  path: Assets/01. Scenes/Next.unity
  artifactKey: Guid(7b0577d05bee0fb4cadb6de190cbcad4) Importer(815301076,1909f56bfc062723c751e8b465ee728b)
Start importing Assets/01. Scenes/Next.unity using Guid(7b0577d05bee0fb4cadb6de190cbcad4) Importer(815301076,1909f56bfc062723c751e8b465ee728b)  -> (artifact id: 'f7ff00c70fb5d1685b44ee4a6bb1b49a') in 0.002223 seconds
  Import took 0.004152 seconds .

========================================================================
Received Prepare
Refreshing native plugins compatible for Editor in 0.68 ms, found 0 plugins.
Preloading 0 native plugins for Editor in 0.00 ms.
Unloading 2 Unused Serialized files (Serialized files now loaded: 0)
System memory in use before: 42.6 MB.
System memory in use after: 42.7 MB.

Unloading 2 unused Assets to reduce memory usage. Loaded Objects now: 1778.
Total: 1.626900 ms (FindLiveObjects: 0.133000 ms CreateObjectMapping: 0.035900 ms MarkObjects: 1.448400 ms  DeleteObjects: 0.008900 ms)

========================================================================
Received Prepare
Refreshing native plugins compatible for Editor in 0.60 ms, found 0 plugins.
Preloading 0 native plugins for Editor in 0.00 ms.
Unloading 2 Unused Serialized files (Serialized files now loaded: 0)
System memory in use before: 42.6 MB.
System memory in use after: 42.7 MB.

Unloading 2 unused Assets to reduce memory usage. Loaded Objects now: 1778.
Total: 2.041700 ms (FindLiveObjects: 0.151200 ms CreateObjectMapping: 0.039700 ms MarkObjects: 1.839800 ms  DeleteObjects: 0.010100 ms)

========================================================================
Received Import Request.
  Time since last request: 1235.853054 seconds.
  path: Assets/01. Scenes
  artifactKey: Guid(35ed6b213980de7458979240a3b239b5) Importer(815301076,1909f56bfc062723c751e8b465ee728b)
Start importing Assets/01. Scenes using Guid(35ed6b213980de7458979240a3b239b5) Importer(815301076,1909f56bfc062723c751e8b465ee728b)  -> (artifact id: 'c3ad152cacad4f51192ae4be88d7bebf') in 0.007422 seconds
  Import took 0.009744 seconds .

========================================================================
Received Import Request.
  Time since last request: 17.054167 seconds.
  path: Assets/01. Scenes/Next.unity
  artifactKey: Guid(7b0577d05bee0fb4cadb6de190cbcad4) Importer(815301076,1909f56bfc062723c751e8b465ee728b)
Start importing Assets/01. Scenes/Next.unity using Guid(7b0577d05bee0fb4cadb6de190cbcad4) Importer(815301076,1909f56bfc062723c751e8b465ee728b)  -> (artifact id: '535b0c9387f7933c0d0ccf69bfc29d96') in 0.002831 seconds
  Import took 0.004864 seconds .

========================================================================
Received Import Request.
  Time since last request: 0.000329 seconds.
  path: Assets/01. Scenes/Next.unity
  artifactKey: Guid(7b0577d05bee0fb4cadb6de190cbcad4) Importer(815301076,1909f56bfc062723c751e8b465ee728b)
Start importing Assets/01. Scenes/Next.unity using Guid(7b0577d05bee0fb4cadb6de190cbcad4) Importer(815301076,1909f56bfc062723c751e8b465ee728b)  -> (artifact id: '535b0c9387f7933c0d0ccf69bfc29d96') in 0.002112 seconds
  Import took 0.003965 seconds .

========================================================================
Received Import Request.
  Time since last request: 403.672301 seconds.
  path: Assets/01. Scenes/Start.unity
  artifactKey: Guid(f5e4c326fa59f1b4789ab1a75f37772f) Importer(815301076,1909f56bfc062723c751e8b465ee728b)
Start importing Assets/01. Scenes/Start.unity using Guid(f5e4c326fa59f1b4789ab1a75f37772f) Importer(815301076,1909f56bfc062723c751e8b465ee728b)  -> (artifact id: '64ecf56e70002601a20191b9dcd4a991') in 0.002460 seconds
  Import took 0.004770 seconds .

========================================================================
Received Import Request.
  Time since last request: 0.000770 seconds.
  path: Assets/01. Scenes/Start.unity
  artifactKey: Guid(f5e4c326fa59f1b4789ab1a75f37772f) Importer(815301076,1909f56bfc062723c751e8b465ee728b)
Start importing Assets/01. Scenes/Start.unity using Guid(f5e4c326fa59f1b4789ab1a75f37772f) Importer(815301076,1909f56bfc062723c751e8b465ee728b)  -> (artifact id: '64ecf56e70002601a20191b9dcd4a991') in 0.002214 seconds
  Import took 0.004072 seconds .

========================================================================
Received Import Request.
  Time since last request: 358.607559 seconds.
  path: Assets/01. Scenes/Next.unity
  artifactKey: Guid(7b0577d05bee0fb4cadb6de190cbcad4) Importer(815301076,1909f56bfc062723c751e8b465ee728b)
Start importing Assets/01. Scenes/Next.unity using Guid(7b0577d05bee0fb4cadb6de190cbcad4) Importer(815301076,1909f56bfc062723c751e8b465ee728b)  -> (artifact id: 'bba621b8a9a0774300c5f612345c8653') in 0.002714 seconds
  Import took 0.005257 seconds .

========================================================================
Received Import Request.
  Time since last request: 0.000815 seconds.
  path: Assets/01. Scenes/Next.unity
  artifactKey: Guid(7b0577d05bee0fb4cadb6de190cbcad4) Importer(815301076,1909f56bfc062723c751e8b465ee728b)
Start importing Assets/01. Scenes/Next.unity using Guid(7b0577d05bee0fb4cadb6de190cbcad4) Importer(815301076,1909f56bfc062723c751e8b465ee728b)  -> (artifact id: 'bba621b8a9a0774300c5f612345c8653') in 0.002319 seconds
  Import took 0.004400 seconds .

========================================================================
Received Prepare
Registering precompiled user dll's ...
Registered in 0.000474 seconds.
Begin MonoManager ReloadAssembly
Native extension for WindowsStandalone target not found
Refreshing native plugins compatible for Editor in 0.27 ms, found 0 plugins.
Preloading 0 native plugins for Editor in 0.00 ms.
Invoked RoslynAnalysisRunner static constructor.
RoslynAnalysisRunner will not be running.
RoslynAnalysisRunner has terminated.
Mono: successfully reloaded assembly
- Completed reload, in  0.695 seconds
Platform modules already initialized, skipping
Refreshing native plugins compatible for Editor in 0.24 ms, found 0 plugins.
Preloading 0 native plugins for Editor in 0.00 ms.
Unloading 1196 Unused Serialized files (Serialized files now loaded: 0)
System memory in use before: 66.3 MB.
System memory in use after: 66.4 MB.

Unloading 4 unused Assets to reduce memory usage. Loaded Objects now: 1781.
Total: 1.428400 ms (FindLiveObjects: 0.148100 ms CreateObjectMapping: 0.038700 ms MarkObjects: 1.230600 ms  DeleteObjects: 0.010300 ms)

AssetImportWorkerClient::OnTransportError - code=2 error=End of file
